e:\codes\deployrnet\rnetonnxdll_win10\x64\release\vc143.pdb
e:\codes\deployrnet\rnetonnxdll_win10\x64\release\yolov8_models.obj
e:\codes\deployrnet\rnetonnxdll_win10\x64\release\yolov5_models.obj
e:\codes\deployrnet\rnetonnxdll_win10\x64\release\utils.obj
e:\codes\deployrnet\rnetonnxdll_win10\x64\release\infer_test.obj
e:\codes\deployrnet\rnetonnxdll_win10\x64\release\face_detec.obj
e:\codes\deployrnet\x64\release\rnetonnxdll_win10.dll
e:\codes\deployrnet\rnetonnxdll_win10\x64\release\rnetonnxdll_win10.ipdb
e:\codes\deployrnet\x64\release\rnetonnxdll_win10.pdb
e:\codes\deployrnet\rnetonnxdll_win10\x64\release\rnetonnxdll_win10.iobj
e:\codes\deployrnet\x64\release\rnetonnxdll_win10.lib
e:\codes\deployrnet\x64\release\rnetonnxdll_win10.exp
e:\codes\deployrnet\rnetonnxdll_win10\x64\release\rnetonnx.94c25361.tlog\cl.command.1.tlog
e:\codes\deployrnet\rnetonnxdll_win10\x64\release\rnetonnx.94c25361.tlog\cl.items.tlog
e:\codes\deployrnet\rnetonnxdll_win10\x64\release\rnetonnx.94c25361.tlog\cl.read.1.tlog
e:\codes\deployrnet\rnetonnxdll_win10\x64\release\rnetonnx.94c25361.tlog\cl.write.1.tlog
e:\codes\deployrnet\rnetonnxdll_win10\x64\release\rnetonnx.94c25361.tlog\link.command.1.tlog
e:\codes\deployrnet\rnetonnxdll_win10\x64\release\rnetonnx.94c25361.tlog\link.read.1.tlog
e:\codes\deployrnet\rnetonnxdll_win10\x64\release\rnetonnx.94c25361.tlog\link.write.1.tlog
e:\codes\deployrnet\rnetonnxdll_win10\x64\release\rnetonnx.94c25361.tlog\link.write.2u.tlog
